<?xml version="1.0" encoding="UTF-8"?>
<!-- Generated by org.testng.reporters.JUnitReportReporter -->
<testsuite skipped="0" hostname="DESKTOP-4AGG13K" name="RestAssuredAPITesting.RestAssuredAPITesting.DataDrivenExamples1" tests="1" failures="0" timestamp="2022-08-16T11:00:41 IST" time="1.779" errors="0">
  <testcase name="test_delete2" time="1.779" classname="RestAssuredAPITesting.RestAssuredAPITesting.DataDrivenExamples1"/>
</testsuite> <!-- RestAssuredAPITesting.RestAssuredAPITesting.DataDrivenExamples1 -->
