<?xml version="1.0" encoding="UTF-8"?>
<!-- Generated by org.testng.reporters.JUnitReportReporter -->
<testsuite skipped="0" hostname="DESKTOP-4AGG13K" name="runner.RunCucumberTest" tests="4" failures="0" timestamp="2022-08-30T15:42:04 IST" time="17.529" errors="0">
  <testcase name="runScenario" time="3.814" classname="runner.RunCucumberTest"/>
  <testcase name="runScenario" time="6.023" classname="runner.RunCucumberTest"/>
  <testcase name="runScenario" time="3.772" classname="runner.RunCucumberTest"/>
  <testcase name="runScenario" time="3.920" classname="runner.RunCucumberTest"/>
</testsuite> <!-- runner.RunCucumberTest -->
