<?xml version="1.0" encoding="UTF-8"?>
<!-- Generated by org.testng.reporters.JUnitReportReporter -->
<testsuite skipped="0" hostname="DESKTOP-4AGG13K" name="restassuredTests.PutExample" tests="1" failures="0" timestamp="2022-08-11T18:06:48 IST" time="0.000" errors="0">
  <testcase name="putEx" time="0.000" classname="restassuredTests.PutExample"/>
</testsuite> <!-- restassuredTests.PutExample -->
