<?xml version="1.0" encoding="UTF-8"?>
<!-- Generated by org.testng.reporters.JUnitReportReporter -->
<testsuite skipped="0" hostname="DESKTOP-4AGG13K" name="restassuredTests.GetExample" tests="1" failures="0" timestamp="2022-08-13T14:58:03 IST" time="2.932" errors="0">
  <testcase name="Getpost" time="2.932" classname="restassuredTests.GetExample"/>
</testsuite> <!-- restassuredTests.GetExample -->
