<?xml version="1.0" encoding="UTF-8"?>
<!-- Generated by org.testng.reporters.JUnitReportReporter -->
<testsuite skipped="0" hostname="DESKTOP-4AGG13K" name="Serivice_now.GetAllIncidents" tests="1" failures="0" timestamp="2022-08-25T15:12:02 IST" time="5.694" errors="0">
  <testcase name="getAllIncidents" time="5.694" classname="Serivice_now.GetAllIncidents"/>
</testsuite> <!-- Serivice_now.GetAllIncidents -->
