<?xml version="1.0" encoding="UTF-8"?>
<!-- Generated by org.testng.reporters.JUnitReportReporter -->
<testsuite skipped="0" hostname="DESKTOP-4AGG13K" name="Serivice_now.LearningHeaders" tests="1" failures="0" timestamp="2022-08-26T17:48:38 IST" time="4.616" errors="0">
  <testcase name="learnHeaders" time="4.616" classname="Serivice_now.LearningHeaders"/>
</testsuite> <!-- Serivice_now.LearningHeaders -->
