<?xml version="1.0" encoding="UTF-8"?>
<!-- Generated by org.testng.reporters.JUnitReportReporter -->
<testsuite skipped="0" hostname="DESKTOP-4AGG13K" name="Serivice_now.CreateChange" tests="1" failures="0" timestamp="2022-08-26T18:04:57 IST" time="4.408" errors="0">
  <testcase name="postchange" time="4.408" classname="Serivice_now.CreateChange"/>
</testsuite> <!-- Serivice_now.CreateChange -->
