<?xml version="1.0" encoding="UTF-8"?>
<!-- Generated by org.testng.reporters.JUnitReportReporter -->
<testsuite skipped="0" hostname="DESKTOP-4AGG13K" name="Serivice_now.DeleteIncident" tests="1" failures="0" timestamp="2022-08-26T16:39:33 IST" time="5.694" errors="0">
  <testcase name="deleteIncident" time="5.694" classname="Serivice_now.DeleteIncident"/>
</testsuite> <!-- Serivice_now.DeleteIncident -->
