<?xml version="1.0" encoding="UTF-8"?>
<!-- Generated by org.testng.reporters.JUnitReportReporter -->
<testsuite skipped="0" hostname="DESKTOP-4AGG13K" name="Serivice_now.UpdateIncident" tests="1" failures="0" timestamp="2022-08-26T12:05:48 IST" time="6.994" errors="0">
  <testcase name="updateIncident" time="6.994" classname="Serivice_now.UpdateIncident"/>
</testsuite> <!-- Serivice_now.UpdateIncident -->
