<?xml version="1.0" encoding="UTF-8"?>
<!-- Generated by org.testng.reporters.JUnitReportReporter -->
<testsuite skipped="0" hostname="DESKTOP-4AGG13K" name="Serivice_now.GetAllChange" tests="1" failures="0" timestamp="2022-08-25T16:38:24 IST" time="5.604" errors="0">
  <testcase name="getAllLowPrioChange" time="5.604" classname="Serivice_now.GetAllChange"/>
</testsuite> <!-- Serivice_now.GetAllChange -->
