<?xml version="1.0" encoding="UTF-8"?>
<!-- Generated by org.testng.reporters.JUnitReportReporter -->
<testsuite skipped="0" hostname="DESKTOP-4AGG13K" name="restassuredTests.GetpostExample" tests="1" failures="0" timestamp="2022-08-11T14:54:11 IST" time="2.994" errors="0">
  <testcase name="Getpost" time="2.994" classname="restassuredTests.GetpostExample"/>
</testsuite> <!-- restassuredTests.GetpostExample -->
