<?xml version="1.0" encoding="UTF-8"?>
<!-- Generated by org.testng.reporters.JUnitReportReporter -->
<testsuite skipped="0" hostname="DESKTOP-4AGG13K" name="restassuredTests.Examples" tests="1" failures="0" timestamp="2022-08-13T19:10:51 IST" time="1.533" errors="0">
  <testcase name="test_delete" time="1.533" classname="restassuredTests.Examples"/>
</testsuite> <!-- restassuredTests.Examples -->
