<?xml version="1.0" encoding="UTF-8"?>
<!-- Generated by org.testng.reporters.JUnitReportReporter -->
<testsuite skipped="0" hostname="DESKTOP-4AGG13K" name="Serivice_now.Createwithbody" tests="1" failures="0" timestamp="2022-08-26T11:58:36 IST" time="6.652" errors="0">
  <testcase name="PostInc" time="6.652" classname="Serivice_now.Createwithbody"/>
</testsuite> <!-- Serivice_now.Createwithbody -->
