<?xml version="1.0" encoding="UTF-8"?>
<!-- Generated by org.testng.reporters.JUnitReportReporter -->
<testsuite skipped="0" hostname="DESKTOP-4AGG13K" name="Serivice_now.CreateInc" tests="1" failures="0" timestamp="2022-08-26T16:48:03 IST" time="6.570" errors="0">
  <testcase name="PostInc" time="6.570" classname="Serivice_now.CreateInc"/>
</testsuite> <!-- Serivice_now.CreateInc -->
