<?xml version="1.0" encoding="UTF-8"?>
<!-- Generated by org.testng.reporters.JUnitReportReporter -->
<testsuite skipped="0" hostname="DESKTOP-4AGG13K" name="RestAssuredAPITesting.RestAssuredAPITesting.KarthikRestAssured" tests="1" failures="0" timestamp="2022-08-12T10:55:30 IST" time="1.052" errors="0">
  <testcase name="getRequest" time="1.052" classname="RestAssuredAPITesting.RestAssuredAPITesting.KarthikRestAssured"/>
</testsuite> <!-- RestAssuredAPITesting.RestAssuredAPITesting.KarthikRestAssured -->
