<?xml version="1.0" encoding="UTF-8"?>
<!-- Generated by org.testng.reporters.JUnitReportReporter -->
<testsuite skipped="0" hostname="DESKTOP-4AGG13K" name="restassuredTests.Example_GET_Request" tests="1" failures="0" timestamp="2022-08-12T11:02:36 IST" time="1.423" errors="0">
  <testcase name="test01" time="1.423" classname="restassuredTests.Example_GET_Request"/>
</testsuite> <!-- restassuredTests.Example_GET_Request -->
